<?xml version="1.0" encoding="UTF-8"?>
<!-- Generated by org.testng.reporters.JUnitReportReporter -->
<testsuite name="Launch_url.Launch_url.Demo1" tests="3" time="0.009" ignored="0" failures="0" timestamp="18 Feb 2020 02:39:48 GMT" skipped="0" hostname="LAPTOP-6QL6BV50" errors="0">
  <testcase name="test1" time="0.007" classname="Launch_url.Launch_url.Demo1"/>
  <testcase name="test2" time="0.001" classname="Launch_url.Launch_url.Demo1"/>
  <testcase name="test3" time="0.001" classname="Launch_url.Launch_url.Demo1"/>
</testsuite> <!-- Launch_url.Launch_url.Demo1 -->
